<?xml version="1.0" encoding="UTF-8"?>
<testsuite xmlns:xsi="http://www.w3.org/2001/XMLSchema-instance" xsi:noNamespaceSchemaLocation="https://maven.apache.org/surefire/maven-surefire-plugin/xsd/surefire-test-report.xsd" name="Area.AreaTest" time="0.053" tests="6" errors="0" skipped="0" failures="0">
  <properties>
[...]
</properties>
  <testcase name="cloneTest" classname="Area.AreaTest" time="0.003"/>
  <testcase name="overlapTest" classname="Area.AreaTest" time="0"/>
  <testcase name="underZeroIndexTest" classname="Area.AreaTest" time="0"/>
  <testcase name="equalsTest" classname="Area.AreaTest" time="0"/>
  <testcase name="sameIndexTest" classname="Area.AreaTest" time="0"/>
  <testcase name="inputInvalidIndexTest" classname="Area.AreaTest" time="0"/>
</testsuite>