<?xml version="1.0" encoding="UTF-8" ?>
<testsuite tests="9" failures="0" name="Area.AreaTest" time="0.003" errors="0" skipped="0">
  <properties>
[...]
</properties>
  <testcase classname="Area.AreaTest" name="testCreateAreaWithString" time="0.003"/>
  <testcase classname="Area.AreaTest" name="testOverlap" time="0"/>
  <testcase classname="Area.AreaTest" name="testClone" time="0"/>
  <testcase classname="Area.AreaTest" name="testContains" time="0"/>
  <testcase classname="Area.AreaTest" name="TestNegativeIndex" time="0"/>
  <testcase classname="Area.AreaTest" name="testInputInvalidIndex" time="0"/>
  <testcase classname="Area.AreaTest" name="testGetLength" time="0"/>
  <testcase classname="Area.AreaTest" name="testEquals" time="0"/>
  <testcase classname="Area.AreaTest" name="testCreateAreaWithMatcher" time="0"/>
</testsuite>